#
# There is insufficient memory for the Java Runtime Environment to continue.
# Native memory allocation (mmap) failed to map 268435456 bytes for Failed to commit area from 0x00000006c1c00000 to 0x00000006d1c00000 of length 268435456.
# Possible reasons:
#   The system is out of physical RAM or swap space
#   The process is running with CompressedOops enabled, and the Java Heap may be blocking the growth of the native heap
# Possible solutions:
#   Reduce memory load on the system
#   Increase physical memory or swap space
#   Check if swap backing store is full
#   Decrease Java heap size (-Xmx/-Xms)
#   Decrease number of Java threads
#   Decrease Java thread stack sizes (-Xss)
#   Set larger code cache with -XX:ReservedCodeCacheSize=
# This output file may be truncated or incomplete.
#
#  Out of Memory Error (t:/workspace/open/src/hotspot/os/windows/os_windows.cpp:3221), pid=26016, tid=34272
#
# JRE version:  (10.0.1+10) (build )
# Java VM: Java HotSpot(TM) 64-Bit Server VM (10.0.1+10, mixed mode, aot, tiered, compressed oops, g1 gc, windows-amd64)
# No core dump will be written. Minidumps are not enabled by default on client versions of Windows
#

---------------  S U M M A R Y ------------

Command Line: -Dfile.encoding=Cp1252 App

Host: Intel(R) Core(TM) i7-8550U CPU @ 1.80GHz, 8 cores, 15G,  Windows 10 , 64 bit Build 17134 (10.0.17134.753)
Time: Tue Jul 02 17:45:07 2019 W. Europe Daylight Time elapsed time: 0 seconds (0d 0h 0m 0s)

---------------  T H R E A D  ---------------

Current thread (0x0000027fa6fb4800):  JavaThread "Unknown thread" [_thread_in_vm, id=34272, stack(0x000000edf6b00000,0x000000edf6c00000)]

Stack: [0x000000edf6b00000,0x000000edf6c00000]
Native frames: (J=compiled Java code, j=interpreted, Vv=VM code, C=native code)
V  [jvm.dll+0x5a0369]
V  [jvm.dll+0x6bcf81]
V  [jvm.dll+0x6be176]
V  [jvm.dll+0x6be803]
V  [jvm.dll+0x234998]
V  [jvm.dll+0x59dc74]
V  [jvm.dll+0x592ab5]
V  [jvm.dll+0x2f625b]
V  [jvm.dll+0x2f61c5]
V  [jvm.dll+0x2f60a2]
V  [jvm.dll+0x2f8286]
V  [jvm.dll+0x3440d3]
V  [jvm.dll+0x3447e6]
V  [jvm.dll+0x3441d3]
V  [jvm.dll+0x2c43b8]
V  [jvm.dll+0x2c5501]
V  [jvm.dll+0x69d33b]
V  [jvm.dll+0x69eb5c]
V  [jvm.dll+0x351849]
V  [jvm.dll+0x6859c2]
V  [jvm.dll+0x3ba0a3]
V  [jvm.dll+0x3bc201]
C  [javaw.exe+0x3541]
C  [javaw.exe+0xe1cf]
C  [javaw.exe+0xe376]
C  [KERNEL32.DLL+0x14034]
C  [ntdll.dll+0x73691]


---------------  P R O C E S S  ---------------

Threads class SMR info:
_java_thread_list=0x0000027fa4dee4a0, length=0, elements={
}

Java Threads: ( => current thread )

Other Threads:
  0x0000027fa6fce000 GCTaskThread "GC Thread#0" [stack: 0x000000edf6c00000,0x000000edf6d00000] [id=23472]
  0x0000027fa6fd3000 GCTaskThread "GC Thread#1" [stack: 0x000000edf6d00000,0x000000edf6e00000] [id=23372]
  0x0000027fa6fd5000 GCTaskThread "GC Thread#2" [stack: 0x000000edf6e00000,0x000000edf6f00000] [id=18384]
  0x0000027fa6fd7800 GCTaskThread "GC Thread#3" [stack: 0x000000edf6f00000,0x000000edf7000000] [id=10816]
  0x0000027fa6fd9000 GCTaskThread "GC Thread#4" [stack: 0x000000edf7000000,0x000000edf7100000] [id=36184]
  0x0000027fa6fde000 GCTaskThread "GC Thread#5" [stack: 0x000000edf7100000,0x000000edf7200000] [id=34124]
  0x0000027fa6fe0800 GCTaskThread "GC Thread#6" [stack: 0x000000edf7200000,0x000000edf7300000] [id=34496]
  0x0000027fa6fe2000 GCTaskThread "GC Thread#7" [stack: 0x000000edf7300000,0x000000edf7400000] [id=36468]
  0x0000027fa702e000 ConcurrentGCThread "G1 Main Marker" [stack: 0x000000edf7400000,0x000000edf7500000] [id=36108]
  0x0000027fa702f000 ConcurrentGCThread "G1 Conc#0" [stack: 0x000000edf7500000,0x000000edf7600000] [id=34524]
  0x0000027fa7037800 ConcurrentGCThread "G1 Conc#1" [stack: 0x000000edf7600000,0x000000edf7700000] [id=17988]

[error occurred during error reporting (printing all threads), id 0xe0000002]

VM state:not at safepoint (not fully initialized)

VM Mutex/Monitor currently owned by a thread:  ([mutex/lock_event])
[0x0000027fa6fb3340] Heap_lock - owner thread: 0x0000027fa6fb4800

Heap address: 0x00000006c1c00000, size: 4068 MB, Compressed Oops mode: Non-zero based: 0x00000006c1c00000
Narrow klass base: 0x0000000000000000, Narrow klass shift: 0

GC Heap History (0 events):
No events

Deoptimization events (0 events):
No events

Classes redefined (0 events):
No events

Internal exceptions (0 events):
No events

Events (0 events):
No events


Dynamic libraries:
0x00007ff67ad10000 - 0x00007ff67ad4e000 	C:\Program Files\Java\jdk-10.0.1\bin\javaw.exe
0x00007ffe6b5b0000 - 0x00007ffe6b791000 	C:\WINDOWS\SYSTEM32\ntdll.dll
0x00007ffe6b190000 - 0x00007ffe6b241000 	C:\WINDOWS\System32\KERNEL32.DLL
0x00007ffe67e40000 - 0x00007ffe680b3000 	C:\WINDOWS\System32\KERNELBASE.dll
0x00007ffe6aee0000 - 0x00007ffe6af81000 	C:\WINDOWS\System32\ADVAPI32.dll
0x00007ffe6a300000 - 0x00007ffe6a39e000 	C:\WINDOWS\System32\msvcrt.dll
0x00007ffe6b130000 - 0x00007ffe6b18b000 	C:\WINDOWS\System32\sechost.dll
0x00007ffe6a3d0000 - 0x00007ffe6a4f4000 	C:\WINDOWS\System32\RPCRT4.dll
0x00007ffe69e80000 - 0x00007ffe6a010000 	C:\WINDOWS\System32\USER32.dll
0x00007ffe68170000 - 0x00007ffe68190000 	C:\WINDOWS\System32\win32u.dll
0x00007ffe6a3a0000 - 0x00007ffe6a3c8000 	C:\WINDOWS\System32\GDI32.dll
0x00007ffe68190000 - 0x00007ffe68321000 	C:\WINDOWS\System32\gdi32full.dll
0x00007ffe67bb0000 - 0x00007ffe67c4f000 	C:\WINDOWS\System32\msvcp_win.dll
0x00007ffe67ab0000 - 0x00007ffe67ba8000 	C:\WINDOWS\System32\ucrtbase.dll
0x00007ffe61d90000 - 0x00007ffe61d9a000 	C:\WINDOWS\SYSTEM32\VERSION.dll
0x00007ffe59080000 - 0x00007ffe592e9000 	C:\WINDOWS\WinSxS\amd64_microsoft.windows.common-controls_6595b64144ccf1df_6.0.17134.829_none_fb46a5473061b9d5\COMCTL32.dll
0x00007ffe6b250000 - 0x00007ffe6b572000 	C:\WINDOWS\System32\combase.dll
0x00007ffe679e0000 - 0x00007ffe67a5a000 	C:\WINDOWS\System32\bcryptPrimitives.dll
0x00007ffe6abf0000 - 0x00007ffe6ac1d000 	C:\WINDOWS\System32\IMM32.DLL
0x00007ffe3ca60000 - 0x00007ffe3cb4f000 	C:\Program Files\Java\jdk-10.0.1\bin\msvcr120.dll
0x00007ffe3d0c0000 - 0x00007ffe3d166000 	C:\Program Files\Java\jdk-10.0.1\bin\msvcp120.dll
0x000000006ea10000 - 0x000000006f480000 	C:\Program Files\Java\jdk-10.0.1\bin\server\jvm.dll
0x00007ffe6ad80000 - 0x00007ffe6ad88000 	C:\WINDOWS\System32\PSAPI.DLL
0x00007ffe57180000 - 0x00007ffe57189000 	C:\WINDOWS\SYSTEM32\WSOCK32.dll
0x00007ffe61f50000 - 0x00007ffe61f73000 	C:\WINDOWS\SYSTEM32\WINMM.dll
0x00007ffe6a570000 - 0x00007ffe6a5dc000 	C:\WINDOWS\System32\WS2_32.dll
0x00007ffe61e60000 - 0x00007ffe61e8a000 	C:\WINDOWS\SYSTEM32\WINMMBASE.dll
0x00007ffe67a60000 - 0x00007ffe67aa9000 	C:\WINDOWS\System32\cfgmgr32.dll
0x00007ffe5ce10000 - 0x00007ffe5ce1f000 	C:\Program Files\Java\jdk-10.0.1\bin\verify.dll
0x00007ffe66320000 - 0x00007ffe664e9000 	C:\WINDOWS\SYSTEM32\DBGHELP.DLL
0x00007ffe52860000 - 0x00007ffe52889000 	C:\WINDOWS\SYSTEM32\dbgcore.DLL
0x00007ffe57880000 - 0x00007ffe578a7000 	C:\Program Files\Java\jdk-10.0.1\bin\java.dll
0x00007ffe57930000 - 0x00007ffe57946000 	C:\Program Files\Java\jdk-10.0.1\bin\zip.dll
0x00007ffe5ce00000 - 0x00007ffe5ce0a000 	C:\Program Files\Java\jdk-10.0.1\bin\jimage.dll

dbghelp: loaded successfully - version: 4.0.5 - missing functions: none
symbol engine: initialized successfully - sym options: 0x614 - pdb path: .;C:\Program Files\Java\jdk-10.0.1\bin;C:\WINDOWS\SYSTEM32;C:\WINDOWS\WinSxS\amd64_microsoft.windows.common-controls_6595b64144ccf1df_6.0.17134.829_none_fb46a5473061b9d5;C:\Program Files\Java\jdk-10.0.1\bin\server

VM Arguments:
jvm_args: -Dfile.encoding=Cp1252 
java_command: App
java_class_path (initial): D:\Workspace\Code\School\BZZ\Modul 326\my_uno_swing\bin
Launcher Type: SUN_STANDARD

Logging:
Log output configuration:
#0: stdout all=warning uptime,level,tags
#1: stderr all=off uptime,level,tags

Environment Variables:
JAVA_HOME=C:\Program Files\Java\jdk-10.0.1
PATH=C:/Program Files/Java/jdk-10.0.1/bin/server;C:/Program Files/Java/jdk-10.0.1/bin;C:\Program Files (x86)\Common Files\Oracle\Java\javapath;C:\Program Files (x86)\Common Files\Intel\Shared Libraries\redist\ia32\compiler;C:\Program Files (x86)\Common Files\Intel\Shared Libraries\redist\intel64\compiler;C:\ProgramData\Oracle\Java\javapath;C:\Program Files (x86)\Intel\iCLS Client\;C:\Program Files\Intel\iCLS Client\;C:\Windows\system32;C:\Windows;C:\Windows\System32\Wbem;C:\Windows\System32\WindowsPowerShell\v1.0\;C:\Program Files (x86)\NVIDIA Corporation\PhysX\Common;C:\Program Files (x86)\Intel\Intel(R) Management Engine Components\DAL;C:\Program Files\Intel\Intel(R) Management Engine Components\DAL;C:\Program Files (x86)\Intel\Intel(R) Management Engine Components\IPT;C:\Program Files\Intel\Intel(R) Management Engine Components\IPT;C:\WINDOWS\system32;C:\WINDOWS;C:\WINDOWS\System32\Wbem;C:\WINDOWS\System32\WindowsPowerShell\v1.0\;C:\Program Files (x86)\Gpg4win\..\GnuPG\bin;C:\Program Files\Java\jdk-10.0.1\bin;C:\Users\Georgiy\AppData\Local\Microsoft\WindowsApps;C:\Program Files\Java\jre1.8.0_151\bin;C:\Program Files\Java\jdk1.8.0_151\bin;C:\Users\Georgiy\AppData\Roaming\Dashlane\5.3.1.13504\bin\Firefox_Extension\{442718d9-475e-452a-b3e1-fb1ee16b8e9f};C:\WINDOWS\system32;C:\WINDOWS;C:\WINDOWS\System32\Wbem;C:\WINDOWS\System32\WindowsPowerShell\v1.0\;C:\WINDOWS\System32\OpenSSH\;C:\Program Files\Microsoft SQL Server\130\Tools\Binn\;C:\Program Files (x86)\GtkSharp\2.12\bin;C:\Program Files\NVIDIA Corporation\NVIDIA NvDLISR;C:\Users\Georgiy\AppData\Local\Programs\Python\Python37-32\Scripts\;C:\Users\Georgiy\AppData\Local\Programs\Python\Python37-32\;C:\Users\Georgiy\AppData\Local\Microsoft\WindowsApps;C:\Program Files\Java\jre1.8.0_151\bin;C:\Program Files\Java\jdk1.8.0_151\bin;C:\Users\Georgiy\AppData\Roaming\Dashlane\5.3.1.13504\bin\Firefox_Extension\{442718d9-475e-452a-b3e1-fb1ee16b8e9f}\components;C:\Users\Georgiy\AppData\Roaming\Dashlane\5.3.1.13504\ucrt;C:\Users\G
USERNAME=Georgiy
OS=Windows_NT
PROCESSOR_IDENTIFIER=Intel64 Family 6 Model 142 Stepping 10, GenuineIntel



---------------  S Y S T E M  ---------------

OS: Windows 10 , 64 bit Build 17134 (10.0.17134.753)

CPU:total 8 (initial active 8) (4 cores per cpu, 2 threads per core) family 6 model 142 stepping 10, cmov, cx8, fxsr, mmx, sse, sse2, sse3, ssse3, sse4.1, sse4.2, popcnt, avx, avx2, aes, clmul, erms, 3dnowpref, lzcnt, ht, tsc, tscinvbit, bmi1, bmi2, adx, fma

Memory: 4k page, physical 16657176k(8461708k free), swap 47776660k(30264k free)

vm_info: Java HotSpot(TM) 64-Bit Server VM (10.0.1+10) for windows-amd64 JRE (10.0.1+10), built on Mar 27 2018 02:27:48 by "mach5one" with MS VC++ 12.0 (VS2013)

END.
